This is pdfTeX, Version 3.14159265-2.6-1.40.16 (TeX Live 2015/Debian) (preloaded format=pdflatex 2017.3.22)  2 APR 2017 13:16
entering extended mode
 \write18 enabled.
 file:line:error style messages enabled.
 %&-line parsing enabled.
**text/analyticEL2AllrMan.tex
(./text/analyticEL2AllrMan.tex
LaTeX2e <2016/02/01>
Babel <3.9q> and hyphenation patterns for 12 language(s) loaded.

./text/analyticEL2AllrMan.tex:1: LaTeX Error: Missing \begin{document}.

See the LaTeX manual or LaTeX Companion for explanation.
Type  H <return>  for immediate help.
 ...                                              
                                                  
l.1 ...c{1}{r_{{12}}^{6} (\beta r_{{12}} + 1)^{5}}
                                                   \\
You're in trouble here.  Try typing  <return>  to proceed.
If that doesn't work, type  X <return>  to quit.

Missing character: There is no 1 in font nullfont!
./text/analyticEL2AllrMan.tex:1: Missing $ inserted.
<inserted text> 
                $
l.1 ...c{1}{r_{{12}}^{6} (\beta r_{{12}} + 1)^{5}}
                                                   \\
I've inserted a begin-math/end-math symbol since I think
you left one out. Proceed, with fingers crossed.

LaTeX Font Info:    External font `cmex10' loaded for size
(Font)              <7> on input line 1.
LaTeX Font Info:    External font `cmex10' loaded for size
(Font)              <5> on input line 1.
./text/analyticEL2AllrMan.tex:1: Extra }, or forgotten $.
\frac #1#2->{\begingroup #1\endgroup \over #2}
                                              
l.1 ...c{1}{r_{{12}}^{6} (\beta r_{{12}} + 1)^{5}}
                                                   \\
I've deleted a group-closing symbol because it seems to be
spurious, as in `$x}$'. But perhaps the } is legitimate and
you forgot something else, as in `\hbox{$x}'. In such cases
the way to recover is to insert both the forgotten and the
deleted material, e.g., by typing `I$}'.

./text/analyticEL2AllrMan.tex:24: Missing $ inserted.
<inserted text> 
                $
l.24 ...12}}^{2} + \beta y_{{12}}^{2} + r_{{12}})]
                                                  
I've inserted a begin-math/end-math symbol since I think
you left one out. Proceed, with fingers crossed.


./text/analyticEL2AllrMan.tex:24: LaTeX Error: Missing \begin{document}.

See the LaTeX manual or LaTeX Companion for explanation.
Type  H <return>  for immediate help.
 ...                                              
                                                  
l.24 ...12}}^{2} + \beta y_{{12}}^{2} + r_{{12}})]
                                                  
You're in trouble here.  Try typing  <return>  to proceed.
If that doesn't work, type  X <return>  to quit.

./text/analyticEL2AllrMan.tex:24: Extra }, or forgotten $.
\@gnewline ...\unskip \reserved@e {\reserved@f #1}
                                                  \nobreak \hfil \break \fi 
l.24 ...12}}^{2} + \beta y_{{12}}^{2} + r_{{12}})]
                                                  
I've deleted a group-closing symbol because it seems to be
spurious, as in `$x}$'. But perhaps the } is legitimate and
you forgot something else, as in `\hbox{$x}'. In such cases
the way to recover is to insert both the forgotten and the
deleted material, e.g., by typing `I$}'.

)
! Emergency stop.
<*> text/analyticEL2AllrMan.tex
                               
*** (job aborted, no legal \end found)

 
Here is how much of TeX's memory you used:
 9 strings out of 494497
 313 string characters out of 6172400
 48806 words of memory out of 5000000
 3524 multiletter control sequences out of 15000+600000
 3640 words of font info for 14 fonts, out of 8000000 for 9000
 264 hyphenation exceptions out of 8191
 19i,6n,14p,109b,58s stack positions out of 5000i,500n,10000p,200000b,80000s
!  ==> Fatal error occurred, no output PDF file produced!
