\BOOKMARK [1][-]{section.1}{INTRODUCTION}{}% 1
\BOOKMARK [1][-]{section.2}{THEORY}{}% 2
\BOOKMARK [2][-]{subsection.2.1}{HERMITE POLYNOMIALS}{section.2}% 3
\BOOKMARK [2][-]{subsection.2.2}{HARMONIC OSCILLATOR}{section.2}% 4
\BOOKMARK [3][-]{subsubsection.2.2.1}{Cartesian Coordinates}{subsection.2.2}% 5
\BOOKMARK [2][-]{subsection.2.3}{FOURIER TRANSFORMATION}{section.2}% 6
\BOOKMARK [2][-]{subsection.2.4}{GRADIENT DESCENT}{section.2}% 7
\BOOKMARK [2][-]{subsection.2.5}{LAPLACE EXPANSION}{section.2}% 8
\BOOKMARK [2][-]{subsection.2.6}{DERIVATIVE OF DETERMINANT}{section.2}% 9
\BOOKMARK [2][-]{subsection.2.7}{METROPOLIS-HASTINGS ALGORITHM}{section.2}% 10
\BOOKMARK [2][-]{subsection.2.8}{VARIATIONAL PRINCIPLE}{section.2}% 11
\BOOKMARK [2][-]{subsection.2.9}{IMPORTANCE SAMPLING}{section.2}% 12
\BOOKMARK [3][-]{subsubsection.2.9.1}{Quantum Force}{subsection.2.9}% 13
\BOOKMARK [3][-]{subsubsection.2.9.2}{Solution}{subsection.2.9}% 14
\BOOKMARK [2][-]{subsection.2.10}{VMC}{section.2}% 15
\BOOKMARK [3][-]{subsubsection.2.10.1}{Expectation Value and Local Energy}{subsection.2.10}% 16
\BOOKMARK [2][-]{subsection.2.11}{Optimization}{section.2}% 17
\BOOKMARK [3][-]{subsubsection.2.11.1}{Determinant Ratio}{subsection.2.11}% 18
\BOOKMARK [3][-]{subsubsection.2.11.2}{Inverse of Matrix}{subsection.2.11}% 19
\BOOKMARK [3][-]{subsubsection.2.11.3}{Derivative Ratios}{subsection.2.11}% 20
\BOOKMARK [2][-]{subsection.2.12}{STATISTICAL ANALYSIS}{section.2}% 21
\BOOKMARK [3][-]{subsubsection.2.12.1}{STANDARD DEVIATION, VARIANCE AND COVARIANCE}{subsection.2.12}% 22
\BOOKMARK [3][-]{subsubsection.2.12.2}{Central Limit Theorem}{subsection.2.12}% 23
\BOOKMARK [3][-]{subsubsection.2.12.3}{Statistical Error}{subsection.2.12}% 24
\BOOKMARK [3][-]{subsubsection.2.12.4}{Autocorrelation Function}{subsection.2.12}% 25
\BOOKMARK [3][-]{subsubsection.2.12.5}{Blocking}{subsection.2.12}% 26
\BOOKMARK [1][-]{section.3}{SETUP}{}% 27
\BOOKMARK [1][-]{section.4}{RESULTS}{}% 28
\BOOKMARK [1][-]{section.5}{DISCUSSION}{}% 29
\BOOKMARK [2][-]{subsection.5.1}{With Jastrow}{section.5}% 30
\BOOKMARK [3][-]{subsubsection.5.1.1}{Energies}{subsection.5.1}% 31
\BOOKMARK [3][-]{subsubsection.5.1.2}{Error}{subsection.5.1}% 32
\BOOKMARK [2][-]{subsection.5.2}{Without Jastrow}{section.5}% 33
\BOOKMARK [2][-]{subsection.5.3}{Speed-up}{section.5}% 34
\BOOKMARK [1][-]{section.6}{CONCLUSION}{}% 35
\BOOKMARK [1][-]{section.7}{Appendix}{}% 36
\BOOKMARK [2][-]{subsection.7.1}{ANALYTIC EXPRESSION FOR LOCAL ENERGY}{section.7}% 37
\BOOKMARK [3][-]{subsubsection.7.1.1}{Two Electron Case}{subsection.7.1}% 38
\BOOKMARK [3][-]{subsubsection.7.1.2}{General Case}{subsection.7.1}% 39
\BOOKMARK [2][-]{subsection.7.2}{ANALYTIC EXPRESSION FOR DERIVATIVES OF VARIATIONAL PARAMETERS}{section.7}% 40
\BOOKMARK [1][-]{section.8}{References}{}% 41
