\BOOKMARK [1][-]{section.1}{INTRODUCTION}{}% 1
\BOOKMARK [1][-]{section.2}{THEORY}{}% 2
\BOOKMARK [2][-]{subsection.2.1}{HERMITE POLYNOMIALS}{section.2}% 3
\BOOKMARK [2][-]{subsection.2.2}{ASSOCIATED LAGUERRE POLYNOMIALS}{section.2}% 4
\BOOKMARK [2][-]{subsection.2.3}{HARMONIC OSCILLATOR}{section.2}% 5
\BOOKMARK [3][-]{subsubsection.2.3.1}{Cartesian Coordinates}{subsection.2.3}% 6
\BOOKMARK [3][-]{subsubsection.2.3.2}{Polar Coordinates}{subsection.2.3}% 7
\BOOKMARK [2][-]{subsection.2.4}{LAGRANGE MULTIPLIERS}{section.2}% 8
\BOOKMARK [2][-]{subsection.2.5}{LEIBNIZ FORMULA}{section.2}% 9
\BOOKMARK [2][-]{subsection.2.6}{DETERMINANT OF UNITARY MATRICES}{section.2}% 10
\BOOKMARK [2][-]{subsection.2.7}{HARTREE-FOCK THEORY}{section.2}% 11
\BOOKMARK [3][-]{subsubsection.2.7.1}{Energy Functional}{subsection.2.7}% 12
\BOOKMARK [3][-]{subsubsection.2.7.2}{Hartree-Fock Equations}{subsection.2.7}% 13
\BOOKMARK [3][-]{subsubsection.2.7.3}{Convergence Criteria}{subsection.2.7}% 14
\BOOKMARK [3][-]{subsubsection.2.7.4}{Rewrite Ground State Energy}{subsection.2.7}% 15
\BOOKMARK [3][-]{subsubsection.2.7.5}{Density Matrix}{subsection.2.7}% 16
\BOOKMARK [3][-]{subsubsection.2.7.6}{Hartree-Fock Algorithm}{subsection.2.7}% 17
\BOOKMARK [1][-]{section.3}{SETUP}{}% 18
\BOOKMARK [1][-]{section.4}{RESULTS}{}% 19
\BOOKMARK [1][-]{section.5}{DISCUSSION}{}% 20
\BOOKMARK [2][-]{subsection.5.1}{ENERGY MINIMA}{section.5}% 21
\BOOKMARK [2][-]{subsection.5.2}{CONVERGENCE}{section.5}% 22
\BOOKMARK [2][-]{subsection.5.3}{DEGENERACY}{section.5}% 23
\BOOKMARK [1][-]{section.6}{CONCLUSION}{}% 24
\BOOKMARK [1][-]{section.7}{References}{}% 25
